[22:52:18] zhu-monitor v1.0 啟動 — 每 60 秒掃一次
[22:52:18] zhu-monitor v1.0 啟動 — 每 60 秒掃一次
[22:52:18] 掃描完畢，一切正常
[22:52:18] 掃描完畢，一切正常
[22:53:18] 掃描完畢，一切正常
[22:53:18] 掃描完畢，一切正常
[22:54:06] zhu-monitor v1.0 啟動 — 每 60 秒掃一次
[22:54:06] zhu-monitor v1.0 啟動 — 每 60 秒掃一次
[22:54:06] 掃描完畢，一切正常
[22:54:06] 掃描完畢，一切正常
[22:55:06] 掃描完畢，一切正常
[22:55:06] 掃描完畢，一切正常
[22:56:06] 掃描完畢，一切正常
[22:56:06] 掃描完畢，一切正常
[22:57:06] 掃描完畢，一切正常
[22:57:06] 掃描完畢，一切正常
[22:58:06] 掃描完畢，一切正常
[22:58:06] 掃描完畢，一切正常
[22:59:07] 掃描完畢，一切正常
[22:59:07] 掃描完畢，一切正常
[23:00:07] 掃描完畢，一切正常
[23:00:07] 掃描完畢，一切正常
[23:01:07] 偵測到異常：rate_limit_storm（3 條）→ 發送 Telegram
[23:01:07] 偵測到異常：rate_limit_storm（3 條）→ 發送 Telegram
[23:01:08] Telegram 已發送：rate_limit_storm
[23:01:08] Telegram 已發送：rate_limit_storm
[23:02:08] rate_limit_storm 觸發但 5 分鐘內已通知過，跳過
[23:02:08] rate_limit_storm 觸發但 5 分鐘內已通知過，跳過
[23:02:09] zhu-monitor v1.0 啟動 — 每 60 秒掃一次
[23:02:09] zhu-monitor v1.0 啟動 — 每 60 秒掃一次
[23:02:09] rate_limit_storm 觸發但 5 分鐘內已通知過，跳過
[23:02:09] rate_limit_storm 觸發但 5 分鐘內已通知過，跳過
[23:03:09] rate_limit_storm 觸發但 5 分鐘內已通知過，跳過
[23:03:09] rate_limit_storm 觸發但 5 分鐘內已通知過，跳過
[23:04:09] rate_limit_storm 觸發但 5 分鐘內已通知過，跳過
[23:04:09] rate_limit_storm 觸發但 5 分鐘內已通知過，跳過
[23:05:09] rate_limit_storm 觸發但 5 分鐘內已通知過，跳過
[23:05:09] rate_limit_storm 觸發但 5 分鐘內已通知過，跳過
[23:06:09] 偵測到異常：rate_limit_storm（3 條）→ 發送 Telegram
[23:06:09] 偵測到異常：rate_limit_storm（3 條）→ 發送 Telegram
[23:06:10] Telegram 已發送：rate_limit_storm
[23:06:10] Telegram 已發送：rate_limit_storm
[23:07:10] rate_limit_storm 觸發但 5 分鐘內已通知過，跳過
[23:07:10] rate_limit_storm 觸發但 5 分鐘內已通知過，跳過
[23:08:10] 偵測到異常：rate_limit_storm（3 條）→ 發送 Telegram
[23:08:10] 偵測到異常：rate_limit_storm（3 條）→ 發送 Telegram
[23:08:11] Telegram 已發送：rate_limit_storm
[23:08:11] Telegram 已發送：rate_limit_storm
[23:09:11] rate_limit_storm 觸發但 5 分鐘內已通知過，跳過
[23:09:11] rate_limit_storm 觸發但 5 分鐘內已通知過，跳過
[23:10:11] rate_limit_storm 觸發但 5 分鐘內已通知過，跳過
[23:10:11] rate_limit_storm 觸發但 5 分鐘內已通知過，跳過
[23:11:11] 掃描完畢，一切正常
[23:11:11] 掃描完畢，一切正常
[23:11:16] zhu-monitor v1.0 啟動 — 每 60 秒掃一次
[23:11:16] zhu-monitor v1.0 啟動 — 每 60 秒掃一次
[23:11:16] 掃描完畢，一切正常
[23:11:16] 掃描完畢，一切正常
[23:12:17] 掃描完畢，一切正常
[23:12:17] 掃描完畢，一切正常
[23:13:17] 掃描完畢，一切正常
[23:13:17] 掃描完畢，一切正常
[23:14:17] 掃描完畢，一切正常
[23:14:17] 掃描完畢，一切正常
[23:15:17] 掃描完畢，一切正常
[23:15:17] 掃描完畢，一切正常
[23:16:17] 掃描完畢，一切正常
[23:16:17] 掃描完畢，一切正常
[23:17:17] 掃描完畢，一切正常
[23:17:17] 掃描完畢，一切正常
[23:18:17] 掃描完畢，一切正常
[23:18:17] 掃描完畢，一切正常
[23:19:17] 掃描完畢，一切正常
[23:19:17] 掃描完畢，一切正常
[23:20:17] 掃描完畢，一切正常
[23:20:17] 掃描完畢，一切正常
[23:21:17] 掃描完畢，一切正常
[23:21:17] 掃描完畢，一切正常
[23:22:17] 掃描完畢，一切正常
[23:22:17] 掃描完畢，一切正常
[23:22:20] zhu-monitor v1.0 啟動 — 每 60 秒掃一次
[23:22:20] 掃描完畢，一切正常
[23:23:20] 掃描完畢，一切正常
[23:24:20] 掃描完畢，一切正常
[23:25:20] 掃描完畢，一切正常
[23:26:20] 掃描完畢，一切正常
[23:27:20] 掃描完畢，一切正常
[23:28:20] 掃描完畢，一切正常
[23:29:20] 掃描完畢，一切正常
[23:30:20] 掃描完畢，一切正常
[23:31:20] 掃描完畢，一切正常
[23:32:20] 掃描完畢，一切正常
[23:33:20] 掃描完畢，一切正常
[23:34:20] 掃描完畢，一切正常
[23:35:20] 掃描完畢，一切正常
[23:36:21] 掃描完畢，一切正常
[23:37:21] 掃描完畢，一切正常
[23:38:21] 掃描完畢，一切正常
[23:39:21] 掃描完畢，一切正常
[23:40:21] 掃描完畢，一切正常
[23:41:21] 偵測到異常：rate_limit_storm（4 條）→ 發送 Telegram
[23:41:22] Telegram 已發送：rate_limit_storm
[23:42:22] rate_limit_storm 觸發但 5 分鐘內已通知過，跳過
[23:43:22] rate_limit_storm 觸發但 5 分鐘內已通知過，跳過
[23:44:22] rate_limit_storm 觸發但 5 分鐘內已通知過，跳過
[23:45:22] rate_limit_storm 觸發但 5 分鐘內已通知過，跳過
[23:46:23] 偵測到異常：rate_limit_storm（4 條）→ 發送 Telegram
[23:46:24] Telegram 已發送：rate_limit_storm
[23:47:24] rate_limit_storm 觸發但 5 分鐘內已通知過，跳過
[23:48:24] rate_limit_storm 觸發但 5 分鐘內已通知過，跳過
[23:49:24] rate_limit_storm 觸發但 5 分鐘內已通知過，跳過
[23:50:24] 掃描完畢，一切正常
[23:51:24] 掃描完畢，一切正常
[23:52:24] 掃描完畢，一切正常
[23:53:24] 掃描完畢，一切正常
[23:54:24] 偵測到異常：message_burst（4 條）→ 發送 Telegram
[23:54:25] Telegram 已發送：message_burst
[23:55:25] message_burst 觸發但 5 分鐘內已通知過，跳過
[23:55:59] zhu-monitor v1.0 啟動 — 每 60 秒掃一次
[23:55:59] 掃描完畢，一切正常
[23:56:59] 掃描完畢，一切正常
[23:57:59] 掃描完畢，一切正常
[23:58:59] 掃描完畢，一切正常
[23:59:13] zhu-monitor v2.0 啟動 — 每 60 秒掃一次（log 異常 + 工單輪詢）
[23:59:16] 發現新工單：aIIx1NxiWa0LBo1BzLr5（?）→ 通知築
[23:59:17] 工單通知已發送：aIIx1NxiWa0LBo1BzLr5
[00:00:17] 偵測到異常：message_burst（6 條）→ 發送 Telegram
[00:00:19] Telegram 已發送：message_burst
[00:01:20] message_burst 觸發但 5 分鐘內已通知過，跳過
[00:02:21] message_burst 觸發但 5 分鐘內已通知過，跳過
[00:03:22] message_burst 觸發但 5 分鐘內已通知過，跳過
[00:04:22] message_burst 觸發但 5 分鐘內已通知過，跳過
[00:05:23] 偵測到異常：message_burst（6 條）→ 發送 Telegram
[00:05:24] Telegram 已發送：message_burst
[00:06:25] message_burst 觸發但 5 分鐘內已通知過，跳過
[00:07:26] message_burst 觸發但 5 分鐘內已通知過，跳過
[00:08:26] message_burst 觸發但 5 分鐘內已通知過，跳過
[00:09:27] message_burst 觸發但 5 分鐘內已通知過，跳過
[00:10:28] 偵測到異常：rate_limit_storm（4 條）→ 發送 Telegram
[00:10:29] Telegram 已發送：rate_limit_storm
[00:11:29] rate_limit_storm 觸發但 5 分鐘內已通知過，跳過
[00:12:30] rate_limit_storm 觸發但 5 分鐘內已通知過，跳過
[00:13:31] rate_limit_storm 觸發但 5 分鐘內已通知過，跳過
[00:14:32] rate_limit_storm 觸發但 5 分鐘內已通知過，跳過
[00:15:32] 偵測到異常：rate_limit_storm（4 條）→ 發送 Telegram
[00:15:33] Telegram 已發送：rate_limit_storm
[00:16:34] rate_limit_storm 觸發但 5 分鐘內已通知過，跳過
[00:17:35] rate_limit_storm 觸發但 5 分鐘內已通知過，跳過
[00:18:36] rate_limit_storm 觸發但 5 分鐘內已通知過，跳過
[00:19:36] rate_limit_storm 觸發但 5 分鐘內已通知過，跳過
[00:20:38] 掃描完畢，一切正常
[00:21:38] 掃描完畢，一切正常
[00:22:39] 掃描完畢，一切正常
[00:23:40] 掃描完畢，一切正常
[00:24:41] 掃描完畢，一切正常
[00:25:41] 掃描完畢，一切正常
[00:26:42] 掃描完畢，一切正常
[00:27:43] 掃描完畢，一切正常
[00:28:44] 掃描完畢，一切正常
[00:29:44] 掃描完畢，一切正常
[00:30:45] 掃描完畢，一切正常
[00:31:46] 掃描完畢，一切正常
[00:32:47] 掃描完畢，一切正常
[00:33:48] 掃描完畢，一切正常
[00:34:49] 掃描完畢，一切正常
[00:35:50] 掃描完畢，一切正常
[00:36:51] 掃描完畢，一切正常
[00:37:52] 掃描完畢，一切正常
[00:38:52] 掃描完畢，一切正常
[00:39:53] 掃描完畢，一切正常
[00:40:54] 掃描完畢，一切正常
[00:41:55] 掃描完畢，一切正常
[00:42:55] 掃描完畢，一切正常
[00:43:56] 掃描完畢，一切正常
[00:44:57] 掃描完畢，一切正常
[00:45:58] 掃描完畢，一切正常
[00:46:58] 掃描完畢，一切正常
[00:47:59] 掃描完畢，一切正常
[00:49:00] 掃描完畢，一切正常
[00:50:01] 掃描完畢，一切正常
[00:51:01] 掃描完畢，一切正常
[00:52:02] 掃描完畢，一切正常
[00:53:03] 掃描完畢，一切正常
[00:54:04] 掃描完畢，一切正常
[00:55:05] 掃描完畢，一切正常
[00:56:05] 掃描完畢，一切正常
[00:57:06] 掃描完畢，一切正常
[00:58:07] 掃描完畢，一切正常
[00:59:08] 掃描完畢，一切正常
[01:00:08] 掃描完畢，一切正常
[01:01:10] 掃描完畢，一切正常
[01:02:11] 掃描完畢，一切正常
[01:03:11] 掃描完畢，一切正常
[01:04:12] 掃描完畢，一切正常
[01:05:13] 掃描完畢，一切正常
[01:06:14] 掃描完畢，一切正常
[01:07:15] 掃描完畢，一切正常
[01:08:15] 掃描完畢，一切正常
[01:09:16] 掃描完畢，一切正常
[01:10:17] 掃描完畢，一切正常
[01:11:18] 掃描完畢，一切正常
[01:12:18] 掃描完畢，一切正常
[01:30:11] 掃描完畢，一切正常
[01:47:05] 掃描完畢，一切正常
[02:04:00] 掃描完畢，一切正常
[02:18:57] 掃描完畢，一切正常
[02:35:38] 掃描完畢，一切正常
[03:06:37] 掃描完畢，一切正常
[03:07:40] 掃描完畢，一切正常
[03:08:41] 掃描完畢，一切正常
[03:39:40] 掃描完畢，一切正常
[03:40:43] 掃描完畢，一切正常
[03:41:44] 掃描完畢，一切正常
[03:57:44] 掃描完畢，一切正常
[03:58:45] 掃描完畢，一切正常
[04:16:04] 掃描完畢，一切正常
[04:17:07] 掃描完畢，一切正常
[04:51:26] 掃描完畢，一切正常
[04:52:29] 掃描完畢，一切正常
[04:53:30] 掃描完畢，一切正常
[04:54:31] 掃描完畢，一切正常
[04:55:31] 掃描完畢，一切正常
[04:56:32] 掃描完畢，一切正常
[04:57:33] 掃描完畢，一切正常
[04:58:34] 掃描完畢，一切正常
[04:59:34] 掃描完畢，一切正常
[05:00:35] 掃描完畢，一切正常
[05:01:36] 掃描完畢，一切正常
[05:02:36] 掃描完畢，一切正常
[05:03:37] 掃描完畢，一切正常
[05:04:38] 掃描完畢，一切正常
[05:05:39] 掃描完畢，一切正常
[05:06:39] 掃描完畢，一切正常
[05:07:40] 掃描完畢，一切正常
[05:08:41] 掃描完畢，一切正常
[05:09:42] 掃描完畢，一切正常
[05:10:43] 掃描完畢，一切正常
[05:11:44] 掃描完畢，一切正常
[05:12:44] 掃描完畢，一切正常
[05:13:45] 掃描完畢，一切正常
[05:14:46] 掃描完畢，一切正常
[05:15:47] 掃描完畢，一切正常
[05:16:47] 掃描完畢，一切正常
[05:17:48] 掃描完畢，一切正常
[05:18:49] 掃描完畢，一切正常
[05:19:50] 掃描完畢，一切正常
[05:20:50] 掃描完畢，一切正常
[05:21:51] 掃描完畢，一切正常
[05:22:52] 掃描完畢，一切正常
[05:23:53] 掃描完畢，一切正常
[05:24:53] 掃描完畢，一切正常
[05:25:54] 掃描完畢，一切正常
[05:26:55] 掃描完畢，一切正常
[05:27:55] 掃描完畢，一切正常
[05:28:56] 掃描完畢，一切正常
[05:29:57] 掃描完畢，一切正常
[05:30:57] 掃描完畢，一切正常
[05:31:58] 掃描完畢，一切正常
[05:32:59] 掃描完畢，一切正常
[05:34:00] 掃描完畢，一切正常
[05:35:00] 掃描完畢，一切正常
[05:36:01] 掃描完畢，一切正常
[05:37:02] 掃描完畢，一切正常
[05:38:03] 掃描完畢，一切正常
[05:39:03] 掃描完畢，一切正常
[05:40:04] 掃描完畢，一切正常
[05:41:05] 掃描完畢，一切正常
[05:42:06] 掃描完畢，一切正常
[05:43:06] 掃描完畢，一切正常
[05:44:07] 掃描完畢，一切正常
[05:45:08] 掃描完畢，一切正常
[05:46:09] 掃描完畢，一切正常
[05:47:10] 掃描完畢，一切正常
[05:48:10] 掃描完畢，一切正常
[05:49:11] 掃描完畢，一切正常
[05:50:12] 掃描完畢，一切正常
[05:51:14] 掃描完畢，一切正常
[05:52:14] 掃描完畢，一切正常
[05:53:15] 掃描完畢，一切正常
[05:54:17] 掃描完畢，一切正常
[05:55:18] 掃描完畢，一切正常
[05:56:19] 掃描完畢，一切正常
[05:57:19] 掃描完畢，一切正常
[05:58:20] 掃描完畢，一切正常
[05:59:21] 掃描完畢，一切正常
[06:00:22] 掃描完畢，一切正常
[06:01:22] 掃描完畢，一切正常
[06:02:23] 掃描完畢，一切正常
[06:03:24] 掃描完畢，一切正常
[06:04:25] 掃描完畢，一切正常
[06:05:26] 掃描完畢，一切正常
[06:06:26] 掃描完畢，一切正常
[06:07:27] 掃描完畢，一切正常
[06:08:28] 掃描完畢，一切正常
[06:09:29] 掃描完畢，一切正常
[06:10:29] 掃描完畢，一切正常
[06:11:30] 掃描完畢，一切正常
[06:12:31] 掃描完畢，一切正常
[06:13:31] 掃描完畢，一切正常
[06:14:32] 掃描完畢，一切正常
[06:15:33] 掃描完畢，一切正常
[06:16:34] 掃描完畢，一切正常
[06:17:34] 掃描完畢，一切正常
[06:18:35] 掃描完畢，一切正常
[06:19:36] 掃描完畢，一切正常
[06:20:37] 掃描完畢，一切正常
[06:21:38] 掃描完畢，一切正常
[06:22:38] 掃描完畢，一切正常
[06:23:39] 掃描完畢，一切正常
[06:24:40] 掃描完畢，一切正常
[06:25:41] 掃描完畢，一切正常
[06:26:42] 掃描完畢，一切正常
[06:27:43] 掃描完畢，一切正常
[06:28:43] 掃描完畢，一切正常
[06:29:44] 掃描完畢，一切正常
[06:30:45] 掃描完畢，一切正常
[06:31:46] 掃描完畢，一切正常
[06:32:47] 掃描完畢，一切正常
[06:33:47] 掃描完畢，一切正常
[06:34:48] 掃描完畢，一切正常
[06:35:49] 掃描完畢，一切正常
[06:36:50] 掃描完畢，一切正常
[06:37:50] 掃描完畢，一切正常
[06:38:51] 掃描完畢，一切正常
[06:39:52] 掃描完畢，一切正常
[06:40:53] 掃描完畢，一切正常
[06:41:55] 掃描完畢，一切正常
[06:42:56] 掃描完畢，一切正常
[06:43:57] 掃描完畢，一切正常
[06:44:57] 掃描完畢，一切正常
[06:45:58] 掃描完畢，一切正常
[06:47:00] 掃描完畢，一切正常
[06:48:01] 掃描完畢，一切正常
[06:49:02] 掃描完畢，一切正常
[06:50:03] 掃描完畢，一切正常
[06:51:04] 掃描完畢，一切正常
[06:52:05] 掃描完畢，一切正常
[06:53:06] 掃描完畢，一切正常
[06:54:07] 掃描完畢，一切正常
[06:55:08] 掃描完畢，一切正常
[06:56:08] 掃描完畢，一切正常
[06:57:09] 掃描完畢，一切正常
[06:58:10] 掃描完畢，一切正常
[06:59:11] 掃描完畢，一切正常
[07:00:11] 掃描完畢，一切正常
[07:01:12] 掃描完畢，一切正常
[07:02:13] 掃描完畢，一切正常
[07:03:14] 掃描完畢，一切正常
[07:04:15] 掃描完畢，一切正常
[07:05:15] 掃描完畢，一切正常
[07:06:16] 掃描完畢，一切正常
[07:07:17] 掃描完畢，一切正常
[07:08:18] 掃描完畢，一切正常
[07:09:19] 掃描完畢，一切正常
[07:10:19] 掃描完畢，一切正常
[07:11:20] 掃描完畢，一切正常
[07:12:21] 掃描完畢，一切正常
[07:13:22] 掃描完畢，一切正常
[07:14:24] 掃描完畢，一切正常
[07:15:24] 掃描完畢，一切正常
[07:16:25] 掃描完畢，一切正常
[07:17:26] 掃描完畢，一切正常
[07:18:26] 掃描完畢，一切正常
[07:19:27] 掃描完畢，一切正常
[07:20:28] 掃描完畢，一切正常
[07:21:29] 掃描完畢，一切正常
[07:22:30] 掃描完畢，一切正常
[07:23:31] 掃描完畢，一切正常
[07:24:31] 掃描完畢，一切正常
[07:25:32] 掃描完畢，一切正常
[07:26:33] 掃描完畢，一切正常
[07:27:34] 掃描完畢，一切正常
[07:28:35] 掃描完畢，一切正常
[07:29:35] 掃描完畢，一切正常
[07:30:36] 掃描完畢，一切正常
[07:31:37] 掃描完畢，一切正常
[07:32:38] 掃描完畢，一切正常
[07:33:38] 掃描完畢，一切正常
[07:34:39] 掃描完畢，一切正常
[07:35:40] 掃描完畢，一切正常
[07:36:41] 掃描完畢，一切正常
[07:53:13] 掃描完畢，一切正常
[08:54:21] 掃描完畢，一切正常
[08:55:24] 掃描完畢，一切正常
[08:56:24] 偵測到異常：rate_limit_storm（4 條）→ 發送 Telegram
[08:56:25] Telegram 已發送：rate_limit_storm
[08:57:26] rate_limit_storm 觸發但 5 分鐘內已通知過，跳過
[08:58:26] rate_limit_storm 觸發但 5 分鐘內已通知過，跳過
[08:59:28] rate_limit_storm 觸發但 5 分鐘內已通知過，跳過
[09:00:29] rate_limit_storm 觸發但 5 分鐘內已通知過，跳過
[09:01:29] 偵測到異常：rate_limit_storm（4 條）→ 發送 Telegram
[09:01:31] Telegram 已發送：rate_limit_storm
[09:02:31] rate_limit_storm 觸發但 5 分鐘內已通知過，跳過
[09:03:32] rate_limit_storm 觸發但 5 分鐘內已通知過，跳過
[09:04:32] rate_limit_storm 觸發但 5 分鐘內已通知過，跳過
[09:05:33] rate_limit_storm 觸發但 5 分鐘內已通知過，跳過
[09:06:34] 掃描完畢，一切正常
[09:07:34] 偵測到異常：rate_limit_storm（4 條）→ 發送 Telegram
[09:07:36] Telegram 已發送：rate_limit_storm
[09:08:36] rate_limit_storm 觸發但 5 分鐘內已通知過，跳過
[09:09:37] rate_limit_storm 觸發但 5 分鐘內已通知過，跳過
[09:10:38] rate_limit_storm 觸發但 5 分鐘內已通知過，跳過
[09:11:38] rate_limit_storm 觸發但 5 分鐘內已通知過，跳過
[09:12:39] 偵測到異常：rate_limit_storm（4 條）→ 發送 Telegram
[09:12:40] Telegram 已發送：rate_limit_storm
[09:13:41] rate_limit_storm 觸發但 5 分鐘內已通知過，跳過
[09:14:42] rate_limit_storm 觸發但 5 分鐘內已通知過，跳過
[09:15:43] rate_limit_storm 觸發但 5 分鐘內已通知過，跳過
[09:16:44] rate_limit_storm 觸發但 5 分鐘內已通知過，跳過
[09:17:46] 掃描完畢，一切正常
[09:18:47] 掃描完畢，一切正常
[09:19:47] 掃描完畢，一切正常
[09:20:48] 掃描完畢，一切正常
[09:21:49] 掃描完畢，一切正常
[09:22:49] 掃描完畢，一切正常
[09:23:50] 掃描完畢，一切正常
[09:24:51] 掃描完畢，一切正常
[09:25:51] 偵測到異常：rate_limit_storm（6 條）→ 發送 Telegram
[09:25:52] Telegram 已發送：rate_limit_storm
[09:25:52] 偵測到異常：embedded_error_storm（6 條）→ 發送 Telegram
[09:25:53] Telegram 已發送：embedded_error_storm
[09:26:54] rate_limit_storm 觸發但 5 分鐘內已通知過，跳過
[09:26:54] embedded_error_storm 觸發但 5 分鐘內已通知過，跳過
[09:27:55] rate_limit_storm 觸發但 5 分鐘內已通知過，跳過
[09:27:55] embedded_error_storm 觸發但 5 分鐘內已通知過，跳過
[09:28:55] rate_limit_storm 觸發但 5 分鐘內已通知過，跳過
[09:28:55] embedded_error_storm 觸發但 5 分鐘內已通知過，跳過
[09:29:56] rate_limit_storm 觸發但 5 分鐘內已通知過，跳過
[09:29:56] embedded_error_storm 觸發但 5 分鐘內已通知過，跳過
[09:30:57] 偵測到異常：rate_limit_storm（7 條）→ 發送 Telegram
[09:30:58] Telegram 已發送：rate_limit_storm
[09:30:58] 偵測到異常：embedded_error_storm（7 條）→ 發送 Telegram
[09:30:59] Telegram 已發送：embedded_error_storm
[09:32:00] rate_limit_storm 觸發但 5 分鐘內已通知過，跳過
[09:32:00] embedded_error_storm 觸發但 5 分鐘內已通知過，跳過
[09:33:00] rate_limit_storm 觸發但 5 分鐘內已通知過，跳過
[09:33:00] embedded_error_storm 觸發但 5 分鐘內已通知過，跳過
[09:34:01] rate_limit_storm 觸發但 5 分鐘內已通知過，跳過
[09:34:01] embedded_error_storm 觸發但 5 分鐘內已通知過，跳過
[09:35:02] rate_limit_storm 觸發但 5 分鐘內已通知過，跳過
[09:35:02] embedded_error_storm 觸發但 5 分鐘內已通知過，跳過
[09:36:03] 掃描完畢，一切正常
[09:37:04] 掃描完畢，一切正常
[09:38:04] 掃描完畢，一切正常
[09:39:05] 掃描完畢，一切正常
[09:40:06] 掃描完畢，一切正常
[09:41:07] 掃描完畢，一切正常
[09:42:08] 掃描完畢，一切正常
[09:43:08] 掃描完畢，一切正常
[09:44:09] 掃描完畢，一切正常
[09:45:10] 掃描完畢，一切正常
[09:46:10] 掃描完畢，一切正常
[09:47:11] 掃描完畢，一切正常
[09:48:12] 掃描完畢，一切正常
[09:49:12] 掃描完畢，一切正常
[09:50:14] 掃描完畢，一切正常
[09:51:14] 掃描完畢，一切正常
[09:52:15] 掃描完畢，一切正常
[09:53:16] 掃描完畢，一切正常
